#
# A fatal error has been detected by the Java Runtime Environment:
#
#  EXCEPTION_ACCESS_VIOLATION (0xc0000005) at pc=0x0000000059133185, pid=6760, tid=0x0000000000001b00
#
# JRE version: Java(TM) SE Runtime Environment (8.0_231-b11) (build 1.8.0_231-b11)
# Java VM: Java HotSpot(TM) 64-Bit Server VM (25.231-b11 mixed mode windows-amd64 compressed oops)
# Problematic frame:
# V  [jvm.dll+0x73185]
#
# Failed to write core dump. Minidumps are not enabled by default on client versions of Windows
#
# If you would like to submit a bug report, please visit:
#   http://bugreport.java.com/bugreport/crash.jsp
#

---------------  T H R E A D  ---------------

Current thread (0x000000001bbb8000):  VMThread [stack: 0x000000001cc40000,0x000000001cd40000] [id=6912]

siginfo: ExceptionCode=0xc0000005, reading address 0x0000000059ca8bf0

Registers:
RAX=0x0000000059ca8ba8, RBX=0x00000000011c3800, RCX=0x0000000024d53ae8, RDX=0x000000001b652201
RSP=0x000000001cd3ef98, RBP=0x0000000059133180, RSI=0x0000000000000018, RDI=0x0000000000000003
R8 =0x0000000000080009, R9 =0x00000000034008da, R10=0x000000001cd3f020, R11=0x000000001ce3f1e0
R12=0x000000001bac58d8, R13=0x00000000000003d8, R14=0x000000001bac5500, R15=0x000000001bac58d8
RIP=0x0000000059133185, EFLAGS=0x0000000000010297

Top of Stack: (sp=0x000000001cd3ef98)
0x000000001cd3ef98:   000000005930322e 00000000011c3800
0x000000001cd3efa8:   0000000059133180 0000000000000000
0x000000001cd3efb8:   000000005915b46f 000000001ce3f1f0
0x000000001cd3efc8:   00000000034008da 0000000003400790
0x000000001cd3efd8:   0000000000000000 000000001ce3f2d0
0x000000001cd3efe8:   000000001ce3f1f0 000000001ce3f1f0
0x000000001cd3eff8:   00000000034008da 0000000003400790
0x000000001cd3f008:   0000000000000000 000000001ce3f2d0
0x000000001cd3f018:   000000001ce3f1f0 000000001cd3f070
0x000000001cd3f028:   0000000000000000 0000000000000004
0x000000001cd3f038:   00000000011be1d0 000000005987c898
0x000000001cd3f048:   00000000593031b0 00000000011c3800
0x000000001cd3f058:   0000000000000000 0000000000000004
0x000000001cd3f068:   00000000000000d8 000000001ce3f1e0
0x000000001cd3f078:   000000001ce3f1e0 0000000003400790
0x000000001cd3f088:   0000000000000000 00000000011bf840 

Instructions: (pc=0x0000000059133185)
0x0000000059133165:   24 60 48 8b 6c 24 68 48 8b 74 24 70 48 83 c4 30
0x0000000059133175:   41 5f 41 5e 41 5d 41 5c 5f c3 cc 48 8b 01 b2 01
0x0000000059133185:   48 ff 60 48 cc cc cc cc cc cc cc 48 8d 15 e9 ff
0x0000000059133195:   ff ff e9 14 5d 02 00 cc cc cc cc 48 89 5c 24 08 


Register to memory mapping:

RAX=0x0000000059ca8ba8 is an unknown value
RBX=0x00000000011c3800 is a thread
RCX=0x0000000024d53ae8 is pointing into metadata
RDX=0x000000001b652201 is pointing into metadata
RSP=0x000000001cd3ef98 is an unknown value
RBP=0x0000000059133180 is an unknown value
RSI=0x0000000000000018 is an unknown value
RDI=0x0000000000000003 is an unknown value
R8 =0x0000000000080009 is an unknown value
R9 =0x00000000034008da is at begin+179 in a stub
StubRoutines::call_stub [0x0000000003400827, 0x000000000340098b[ (356 bytes)
R10=0x000000001cd3f020 is an unknown value
R11=0x000000001ce3f1e0 is pointing into the stack for thread: 0x00000000012b3800
R12=0x000000001bac58d8 is an unknown value
R13=0x00000000000003d8 is an unknown value
R14=0x000000001bac5500 is an unknown value
R15=0x000000001bac58d8 is an unknown value


Stack: [0x000000001cc40000,0x000000001cd40000],  sp=0x000000001cd3ef98,  free space=1019k
Native frames: (J=compiled Java code, j=interpreted, Vv=VM code, C=native code)
V  [jvm.dll+0x73185]

VM_Operation (0x000000001d65f680): RedefineClasses, mode: safepoint, requested by thread 0x000000001bbfb800


---------------  P R O C E S S  ---------------

Java Threads: ( => current thread )
  0x000000001e38a000 JavaThread "ReaderThread" [_thread_in_native, id=14040, stack(0x000000001e960000,0x000000001ea60000)]
  0x000000001dbbc000 JavaThread "Service Thread" daemon [_thread_blocked, id=14416, stack(0x000000001df60000,0x000000001e060000)]
  0x000000001bc28000 JavaThread "C1 CompilerThread2" daemon [_thread_blocked, id=13336, stack(0x000000001da60000,0x000000001db60000)]
  0x000000001bc1f000 JavaThread "C2 CompilerThread1" daemon [_thread_blocked, id=10232, stack(0x000000001d960000,0x000000001da60000)]
  0x000000001bc1c800 JavaThread "C2 CompilerThread0" daemon [_thread_blocked, id=11924, stack(0x000000001d860000,0x000000001d960000)]
  0x000000001bc0b800 JavaThread "JDWP Command Reader" daemon [_thread_in_native, id=6592, stack(0x000000001d760000,0x000000001d860000)]
  0x000000001bc0a800 JavaThread "JDWP Event Helper Thread" daemon [_thread_blocked, id=15056, stack(0x000000001d660000,0x000000001d760000)]
  0x000000001bbfb800 JavaThread "JDWP Transport Listener: dt_socket" daemon [_thread_blocked, id=7940, stack(0x000000001d560000,0x000000001d660000)]
  0x000000001bbef800 JavaThread "Attach Listener" daemon [_thread_blocked, id=14928, stack(0x000000001d120000,0x000000001d220000)]
  0x000000001bbee800 JavaThread "Signal Dispatcher" daemon [_thread_blocked, id=6264, stack(0x000000001d020000,0x000000001d120000)]
  0x000000001bbda000 JavaThread "Finalizer" daemon [_thread_blocked, id=15328, stack(0x000000001ce40000,0x000000001cf40000)]
  0x00000000012b3800 JavaThread "Reference Handler" daemon [_thread_blocked, id=112, stack(0x000000001cd40000,0x000000001ce40000)]
  0x00000000011c3800 JavaThread "main" [_thread_blocked, id=6508, stack(0x00000000010c0000,0x00000000011c0000)]

Other Threads:
=>0x000000001bbb8000 VMThread [stack: 0x000000001cc40000,0x000000001cd40000] [id=6912]
  0x000000001dbc0000 WatcherThread [stack: 0x000000001e060000,0x000000001e160000] [id=12636]

VM state:at safepoint (normal execution)

VM Mutex/Monitor currently owned by a thread:  ([mutex/lock_event])
[0x00000000011c0350] Threads_lock - owner thread: 0x000000001bbb8000

heap address: 0x00000006c3e00000, size: 4034 MB, Compressed Oops mode: Zero based, Oop shift amount: 3
Narrow klass base: 0x0000000000000000, Narrow klass shift: 3
Compressed class space size: 1073741824 Address: 0x00000007c0000000

Heap:
 PSYoungGen      total 132608K, used 90137K [0x000000076bf80000, 0x0000000774d00000, 0x00000007c0000000)
  eden space 121856K, 65% used [0x000000076bf80000,0x0000000770d0b6d8,0x0000000773680000)
  from space 10752K, 99% used [0x0000000774280000,0x0000000774cfaed8,0x0000000774d00000)
  to   space 10752K, 0% used [0x0000000773800000,0x0000000773800000,0x0000000774280000)
 ParOldGen       total 75264K, used 10109K [0x00000006c3e00000, 0x00000006c8780000, 0x000000076bf80000)
  object space 75264K, 13% used [0x00000006c3e00000,0x00000006c47df648,0x00000006c8780000)
 Metaspace       used 33188K, capacity 35124K, committed 35456K, reserved 1079296K
  class space    used 4272K, capacity 4891K, committed 4992K, reserved 1048576K

Card table byte_map: [0x0000000001680000,0x0000000001e70000] byte_map_base: 0xfffffffffe061000

Marking Bits: (ParMarkBitMap*) 0x00000000598e6d90
 Begin Bits: [0x0000000012c50000, 0x0000000016b58000)
 End Bits:   [0x0000000016b58000, 0x000000001aa60000)

Polling page: 0x0000000000e80000

CodeCache: size=245760Kb used=13090Kb max_used=13134Kb free=232669Kb
 bounds [0x0000000003400000, 0x00000000040f0000, 0x0000000012400000]
 total_blobs=4190 nmethods=3487 adapters=622
 compilation: enabled

Compilation events (10 events):
Event: 538.281 Thread 0x000000001bc28000 4023       3       org.apache.http.protocol.HTTP::isWhitespace (30 bytes)
Event: 538.282 Thread 0x000000001bc28000 nmethod 4023 0x0000000003cb4e90 code [0x0000000003cb4fe0, 0x0000000003cb5210]
Event: 538.283 Thread 0x000000001bc28000 4024       3       org.codehaus.groovy.runtime.GStringImpl::<init> (11 bytes)
Event: 538.285 Thread 0x000000001bc28000 nmethod 4024 0x0000000003cb4090 code [0x0000000003cb4240, 0x0000000003cb49b8]
Event: 538.285 Thread 0x000000001bc28000 4025       3       org.codehaus.groovy.runtime.typehandling.DefaultTypeTransformation::intUnbox (13 bytes)
Event: 538.285 Thread 0x000000001bc28000 nmethod 4025 0x0000000003cb3c10 code [0x0000000003cb3d80, 0x0000000003cb3fb8]
Event: 538.285 Thread 0x000000001bc28000 4026       3       groovy.json.JsonLexer::hasNext (21 bytes)
Event: 538.286 Thread 0x000000001bc28000 nmethod 4026 0x0000000003cb37d0 code [0x0000000003cb3940, 0x0000000003cb3b68]
Event: 538.286 Thread 0x000000001bc28000 4027       1       groovy.json.JsonToken::getText (5 bytes)
Event: 538.286 Thread 0x000000001bc28000 nmethod 4027 0x0000000003cb3510 code [0x0000000003cb3660, 0x0000000003cb3770]

GC Heap History (10 events):
Event: 115.156 GC heap before
{Heap before GC invocations=1 (full 0):
 PSYoungGen      total 75776K, used 65024K [0x000000076bf80000, 0x0000000771400000, 0x00000007c0000000)
  eden space 65024K, 100% used [0x000000076bf80000,0x000000076ff00000,0x000000076ff00000)
  from space 10752K, 0% used [0x0000000770980000,0x0000000770980000,0x0000000771400000)
  to   space 10752K, 0% used [0x000000076ff00000,0x000000076ff00000,0x0000000770980000)
 ParOldGen       total 173568K, used 0K [0x00000006c3e00000, 0x00000006ce780000, 0x000000076bf80000)
  object space 173568K, 0% used [0x00000006c3e00000,0x00000006c3e00000,0x00000006ce780000)
 Metaspace       used 16589K, capacity 16928K, committed 17280K, reserved 1064960K
  class space    used 2023K, capacity 2162K, committed 2176K, reserved 1048576K
Event: 115.188 GC heap after
Heap after GC invocations=1 (full 0):
 PSYoungGen      total 75776K, used 10739K [0x000000076bf80000, 0x0000000771400000, 0x00000007c0000000)
  eden space 65024K, 0% used [0x000000076bf80000,0x000000076bf80000,0x000000076ff00000)
  from space 10752K, 99% used [0x000000076ff00000,0x000000077097cea0,0x0000000770980000)
  to   space 10752K, 0% used [0x0000000770980000,0x0000000770980000,0x0000000771400000)
 ParOldGen       total 173568K, used 616K [0x00000006c3e00000, 0x00000006ce780000, 0x000000076bf80000)
  object space 173568K, 0% used [0x00000006c3e00000,0x00000006c3e9a270,0x00000006ce780000)
 Metaspace       used 16589K, capacity 16928K, committed 17280K, reserved 1064960K
  class space    used 2023K, capacity 2162K, committed 2176K, reserved 1048576K
}
Event: 116.679 GC heap before
{Heap before GC invocations=2 (full 0):
 PSYoungGen      total 75776K, used 32610K [0x000000076bf80000, 0x0000000771400000, 0x00000007c0000000)
  eden space 65024K, 33% used [0x000000076bf80000,0x000000076d4dbab8,0x000000076ff00000)
  from space 10752K, 99% used [0x000000076ff00000,0x000000077097cea0,0x0000000770980000)
  to   space 10752K, 0% used [0x0000000770980000,0x0000000770980000,0x0000000771400000)
 ParOldGen       total 173568K, used 616K [0x00000006c3e00000, 0x00000006ce780000, 0x000000076bf80000)
  object space 173568K, 0% used [0x00000006c3e00000,0x00000006c3e9a270,0x00000006ce780000)
 Metaspace       used 20708K, capacity 21192K, committed 21296K, reserved 1069056K
  class space    used 2529K, capacity 2680K, committed 2688K, reserved 1048576K
Event: 116.703 GC heap after
Heap after GC invocations=2 (full 0):
 PSYoungGen      total 75776K, used 9589K [0x000000076bf80000, 0x0000000771400000, 0x00000007c0000000)
  eden space 65024K, 0% used [0x000000076bf80000,0x000000076bf80000,0x000000076ff00000)
  from space 10752K, 89% used [0x0000000770980000,0x00000007712dd7f8,0x0000000771400000)
  to   space 10752K, 0% used [0x000000076ff00000,0x000000076ff00000,0x0000000770980000)
 ParOldGen       total 173568K, used 624K [0x00000006c3e00000, 0x00000006ce780000, 0x000000076bf80000)
  object space 173568K, 0% used [0x00000006c3e00000,0x00000006c3e9c270,0x00000006ce780000)
 Metaspace       used 20708K, capacity 21192K, committed 21296K, reserved 1069056K
  class space    used 2529K, capacity 2680K, committed 2688K, reserved 1048576K
}
Event: 116.703 GC heap before
{Heap before GC invocations=3 (full 1):
 PSYoungGen      total 75776K, used 9589K [0x000000076bf80000, 0x0000000771400000, 0x00000007c0000000)
  eden space 65024K, 0% used [0x000000076bf80000,0x000000076bf80000,0x000000076ff00000)
  from space 10752K, 89% used [0x0000000770980000,0x00000007712dd7f8,0x0000000771400000)
  to   space 10752K, 0% used [0x000000076ff00000,0x000000076ff00000,0x0000000770980000)
 ParOldGen       total 173568K, used 624K [0x00000006c3e00000, 0x00000006ce780000, 0x000000076bf80000)
  object space 173568K, 0% used [0x00000006c3e00000,0x00000006c3e9c270,0x00000006ce780000)
 Metaspace       used 20708K, capacity 21192K, committed 21296K, reserved 1069056K
  class space    used 2529K, capacity 2680K, committed 2688K, reserved 1048576K
Event: 116.862 GC heap after
Heap after GC invocations=3 (full 1):
 PSYoungGen      total 75776K, used 0K [0x000000076bf80000, 0x0000000771400000, 0x00000007c0000000)
  eden space 65024K, 0% used [0x000000076bf80000,0x000000076bf80000,0x000000076ff00000)
  from space 10752K, 0% used [0x0000000770980000,0x0000000770980000,0x0000000771400000)
  to   space 10752K, 0% used [0x000000076ff00000,0x000000076ff00000,0x0000000770980000)
 ParOldGen       total 75264K, used 9420K [0x00000006c3e00000, 0x00000006c8780000, 0x000000076bf80000)
  object space 75264K, 12% used [0x00000006c3e00000,0x00000006c4733068,0x00000006c8780000)
 Metaspace       used 20705K, capacity 21186K, committed 21296K, reserved 1069056K
  class space    used 2528K, capacity 2678K, committed 2688K, reserved 1048576K
}
Event: 119.360 GC heap before
{Heap before GC invocations=4 (full 1):
 PSYoungGen      total 75776K, used 65024K [0x000000076bf80000, 0x0000000771400000, 0x00000007c0000000)
  eden space 65024K, 100% used [0x000000076bf80000,0x000000076ff00000,0x000000076ff00000)
  from space 10752K, 0% used [0x0000000770980000,0x0000000770980000,0x0000000771400000)
  to   space 10752K, 0% used [0x000000076ff00000,0x000000076ff00000,0x0000000770980000)
 ParOldGen       total 75264K, used 9420K [0x00000006c3e00000, 0x00000006c8780000, 0x000000076bf80000)
  object space 75264K, 12% used [0x00000006c3e00000,0x00000006c4733068,0x00000006c8780000)
 Metaspace       used 23624K, capacity 24658K, committed 24960K, reserved 1071104K
  class space    used 2840K, capacity 3140K, committed 3200K, reserved 1048576K
Event: 119.413 GC heap after
Heap after GC invocations=4 (full 1):
 PSYoungGen      total 75776K, used 5048K [0x000000076bf80000, 0x0000000774d00000, 0x00000007c0000000)
  eden space 65024K, 0% used [0x000000076bf80000,0x000000076bf80000,0x000000076ff00000)
  from space 10752K, 46% used [0x000000076ff00000,0x00000007703ee0f0,0x0000000770980000)
  to   space 10752K, 0% used [0x0000000774280000,0x0000000774280000,0x0000000774d00000)
 ParOldGen       total 75264K, used 9428K [0x00000006c3e00000, 0x00000006c8780000, 0x000000076bf80000)
  object space 75264K, 12% used [0x00000006c3e00000,0x00000006c4735068,0x00000006c8780000)
 Metaspace       used 23624K, capacity 24658K, committed 24960K, reserved 1071104K
  class space    used 2840K, capacity 3140K, committed 3200K, reserved 1048576K
}
Event: 150.735 GC heap before
{Heap before GC invocations=5 (full 1):
 PSYoungGen      total 75776K, used 70072K [0x000000076bf80000, 0x0000000774d00000, 0x00000007c0000000)
  eden space 65024K, 100% used [0x000000076bf80000,0x000000076ff00000,0x000000076ff00000)
  from space 10752K, 46% used [0x000000076ff00000,0x00000007703ee0f0,0x0000000770980000)
  to   space 10752K, 0% used [0x0000000774280000,0x0000000774280000,0x0000000774d00000)
 ParOldGen       total 75264K, used 9428K [0x00000006c3e00000, 0x00000006c8780000, 0x000000076bf80000)
  object space 75264K, 12% used [0x00000006c3e00000,0x00000006c4735068,0x00000006c8780000)
 Metaspace       used 28101K, capacity 29474K, committed 29696K, reserved 1075200K
  class space    used 3525K, capacity 3992K, committed 4096K, reserved 1048576K
Event: 150.778 GC heap after
Heap after GC invocations=5 (full 1):
 PSYoungGen      total 132608K, used 10731K [0x000000076bf80000, 0x0000000774d00000, 0x00000007c0000000)
  eden space 121856K, 0% used [0x000000076bf80000,0x000000076bf80000,0x0000000773680000)
  from space 10752K, 99% used [0x0000000774280000,0x0000000774cfaed8,0x0000000774d00000)
  to   space 10752K, 0% used [0x0000000773800000,0x0000000773800000,0x0000000774280000)
 ParOldGen       total 75264K, used 10109K [0x00000006c3e00000, 0x00000006c8780000, 0x000000076bf80000)
  object space 75264K, 13% used [0x00000006c3e00000,0x00000006c47df648,0x00000006c8780000)
 Metaspace       used 28101K, capacity 29474K, committed 29696K, reserved 1075200K
  class space    used 3525K, capacity 3992K, committed 4096K, reserved 1048576K
}

Deoptimization events (10 events):
Event: 520.818 Thread 0x00000000011c3800 Uncommon trap: reason=unhandled action=none pc=0x0000000003f199e0 method=java.net.URLClassLoader.findClass(Ljava/lang/String;)Ljava/lang/Class; @ 44
Event: 520.818 Thread 0x00000000011c3800 Uncommon trap: reason=unhandled action=none pc=0x0000000003f199e0 method=java.net.URLClassLoader.findClass(Ljava/lang/String;)Ljava/lang/Class; @ 44
Event: 520.818 Thread 0x00000000011c3800 Uncommon trap: reason=unhandled action=none pc=0x0000000003f199e0 method=java.net.URLClassLoader.findClass(Ljava/lang/String;)Ljava/lang/Class; @ 44
Event: 520.820 Thread 0x00000000011c3800 Uncommon trap: reason=unhandled action=none pc=0x0000000003f199e0 method=java.net.URLClassLoader.findClass(Ljava/lang/String;)Ljava/lang/Class; @ 44
Event: 520.820 Thread 0x00000000011c3800 Uncommon trap: reason=unhandled action=none pc=0x0000000003f199e0 method=java.net.URLClassLoader.findClass(Ljava/lang/String;)Ljava/lang/Class; @ 44
Event: 520.821 Thread 0x00000000011c3800 Uncommon trap: reason=unhandled action=none pc=0x0000000003f199e0 method=java.net.URLClassLoader.findClass(Ljava/lang/String;)Ljava/lang/Class; @ 44
Event: 520.822 Thread 0x00000000011c3800 Uncommon trap: reason=unhandled action=none pc=0x0000000003f199e0 method=java.net.URLClassLoader.findClass(Ljava/lang/String;)Ljava/lang/Class; @ 44
Event: 520.822 Thread 0x00000000011c3800 Uncommon trap: reason=unhandled action=none pc=0x0000000003f199e0 method=java.net.URLClassLoader.findClass(Ljava/lang/String;)Ljava/lang/Class; @ 44
Event: 520.823 Thread 0x00000000011c3800 Uncommon trap: reason=unhandled action=none pc=0x0000000003f199e0 method=java.net.URLClassLoader.findClass(Ljava/lang/String;)Ljava/lang/Class; @ 44
Event: 520.824 Thread 0x00000000011c3800 Uncommon trap: reason=unhandled action=none pc=0x0000000003f199e0 method=java.net.URLClassLoader.findClass(Ljava/lang/String;)Ljava/lang/Class; @ 44

Classes redefined (6 events):
Event: 334.904 Thread 0x000000001bbb8000 redefined class name=CloudAutomation.AssetMicroservices.GetCustomerSubscriptions, count=1
Event: 592.349 Thread 0x000000001bbb8000 redefined class name=CloudAutomation.AssetMicroservices.GetCustomerSubscriptions, count=2
Event: 644.310 Thread 0x000000001bbb8000 redefined class name=CloudAutomation.AssetMicroservices.GetCustomerSubscriptions, count=3
Event: 669.449 Thread 0x000000001bbb8000 redefined class name=CloudAutomation.AssetMicroservices.GetCustomerSubscriptions, count=4
Event: 749.016 Thread 0x000000001bbb8000 redefined class name=CloudAutomation.AssetMicroservices.GetCustomerSubscriptions, count=5
Event: 782.134 Thread 0x000000001bbb8000 redefined class name=CloudAutomation.AssetMicroservices.GetCustomerSubscriptions, count=6

Internal exceptions (10 events):
Event: 484.989 Thread 0x00000000011c3800 Exception <a 'java/lang/ClassNotFoundException': Script1Customizer> (0x000000077075ca40) thrown at [C:\re\workspace\8-2-build-windows-amd64-cygwin\jdk8u231\13620\hotspot\src\share\vm\classfile\systemDictionary.cpp, line 210]
Event: 494.226 Thread 0x00000000011c3800 Exception <a 'java/lang/ClassCastException'> (0x00000007707a0ba8) thrown at [C:\re\workspace\8-2-build-windows-amd64-cygwin\jdk8u231\13620\hotspot\src\share\vm\runtime\sharedRuntime.cpp, line 605]
Event: 505.595 Thread 0x00000000011c3800 Exception <a 'java/lang/ClassNotFoundException': Script1BeanInfo> (0x00000007708ee5d0) thrown at [C:\re\workspace\8-2-build-windows-amd64-cygwin\jdk8u231\13620\hotspot\src\share\vm\classfile\systemDictionary.cpp, line 210]
Event: 505.599 Thread 0x00000000011c3800 Exception <a 'java/lang/ClassNotFoundException': Script1Customizer> (0x00000007708fa048) thrown at [C:\re\workspace\8-2-build-windows-amd64-cygwin\jdk8u231\13620\hotspot\src\share\vm\classfile\systemDictionary.cpp, line 210]
Event: 509.870 Thread 0x00000000011c3800 Exception <a 'java/lang/ClassNotFoundException': Script1BeanInfo> (0x0000000770a02620) thrown at [C:\re\workspace\8-2-build-windows-amd64-cygwin\jdk8u231\13620\hotspot\src\share\vm\classfile\systemDictionary.cpp, line 210]
Event: 509.875 Thread 0x00000000011c3800 Exception <a 'java/lang/ClassNotFoundException': Script1Customizer> (0x0000000770a0e098) thrown at [C:\re\workspace\8-2-build-windows-amd64-cygwin\jdk8u231\13620\hotspot\src\share\vm\classfile\systemDictionary.cpp, line 210]
Event: 520.821 Thread 0x00000000011c3800 Exception <a 'java/lang/ClassNotFoundException': Script1BeanInfo> (0x0000000770b13a58) thrown at [C:\re\workspace\8-2-build-windows-amd64-cygwin\jdk8u231\13620\hotspot\src\share\vm\classfile\systemDictionary.cpp, line 210]
Event: 520.825 Thread 0x00000000011c3800 Exception <a 'java/lang/ClassNotFoundException': Script1Customizer> (0x0000000770b1f4d0) thrown at [C:\re\workspace\8-2-build-windows-amd64-cygwin\jdk8u231\13620\hotspot\src\share\vm\classfile\systemDictionary.cpp, line 210]
Event: 523.196 Thread 0x00000000011c3800 Exception <a 'java/lang/reflect/InvocationTargetException'> (0x0000000770b25e18) thrown at [C:\re\workspace\8-2-build-windows-amd64-cygwin\jdk8u231\13620\hotspot\src\share\vm\runtime\reflection.cpp, line 1092]
Event: 523.221 Thread 0x00000000011c3800 Exception <a 'java/lang/ClassCastException'> (0x0000000770b5a3a0) thrown at [C:\re\workspace\8-2-build-windows-amd64-cygwin\jdk8u231\13620\hotspot\src\share\vm\runtime\sharedRuntime.cpp, line 605]

Events (10 events):
Event: 804.511 Executing VM operation: ChangeBreakpoints done
Event: 806.359 Executing VM operation: ChangeBreakpoints
Event: 806.363 Executing VM operation: ChangeBreakpoints done
Event: 808.601 Executing VM operation: ChangeBreakpoints
Event: 808.605 Executing VM operation: ChangeBreakpoints done
Event: 810.212 Executing VM operation: ChangeBreakpoints
Event: 810.216 Executing VM operation: ChangeBreakpoints done
Event: 811.248 Executing VM operation: ChangeBreakpoints
Event: 811.251 Executing VM operation: ChangeBreakpoints done
Event: 819.977 Executing VM operation: RedefineClasses


Dynamic libraries:
0x00007ff779f80000 - 0x00007ff779fb7000 	C:\Program Files\Java\jre1.8.0_231\bin\javaw.exe
0x00007ff80ddc0000 - 0x00007ff80df82000 	C:\Windows\SYSTEM32\ntdll.dll
0x00007ff80dcb0000 - 0x00007ff80dd5d000 	C:\Windows\system32\KERNEL32.DLL
0x00007ff80b1f0000 - 0x00007ff80b3cd000 	C:\Windows\system32\KERNELBASE.dll
0x00007ff80b640000 - 0x00007ff80b6e6000 	C:\Windows\system32\ADVAPI32.dll
0x00007ff80da50000 - 0x00007ff80daed000 	C:\Windows\system32\msvcrt.dll
0x00007ff80b700000 - 0x00007ff80b75b000 	C:\Windows\system32\sechost.dll
0x00007ff80b4f0000 - 0x00007ff80b616000 	C:\Windows\system32\RPCRT4.dll
0x00007ff80bb50000 - 0x00007ff80bc9e000 	C:\Windows\system32\USER32.dll
0x00007ff80c2b0000 - 0x00007ff80c433000 	C:\Windows\system32\GDI32.dll
0x00007ffffc710000 - 0x00007ffffc984000 	C:\Windows\WinSxS\amd64_microsoft.windows.common-controls_6595b64144ccf1df_6.0.10240.17184_none_f41d7a705752bce6\COMCTL32.dll
0x00007ff80daf0000 - 0x00007ff80db26000 	C:\Windows\system32\IMM32.DLL
0x00007ff80c080000 - 0x00007ff80c1dc000 	C:\Windows\system32\MSCTF.dll
0x00000000583d0000 - 0x00000000584a2000 	C:\Program Files\Java\jre1.8.0_231\bin\msvcr100.dll
0x00000000590c0000 - 0x0000000059966000 	C:\Program Files\Java\jre1.8.0_231\bin\server\jvm.dll
0x00007ff80c070000 - 0x00007ff80c078000 	C:\Windows\system32\PSAPI.DLL
0x00007fffff940000 - 0x00007fffff949000 	C:\Windows\SYSTEM32\WSOCK32.dll
0x00007ff80dc40000 - 0x00007ff80dca9000 	C:\Windows\system32\WS2_32.dll
0x00007ff80bb40000 - 0x00007ff80bb48000 	C:\Windows\system32\NSI.dll
0x00007ff808ec0000 - 0x00007ff808ee3000 	C:\Windows\SYSTEM32\WINMM.dll
0x00007ffffd740000 - 0x00007ffffd74a000 	C:\Windows\SYSTEM32\VERSION.dll
0x00007ff808e90000 - 0x00007ff808ebc000 	C:\Windows\SYSTEM32\WINMMBASE.dll
0x00007ff80a880000 - 0x00007ff80a8c4000 	C:\Windows\system32\cfgmgr32.dll
0x00007ff809160000 - 0x00007ff809187000 	C:\Windows\SYSTEM32\DEVOBJ.dll
0x00007ff806f80000 - 0x00007ff806f8f000 	C:\Program Files\Java\jre1.8.0_231\bin\verify.dll
0x00007ffff9a20000 - 0x00007ffff9a49000 	C:\Program Files\Java\jre1.8.0_231\bin\java.dll
0x00007ffff1910000 - 0x00007ffff1945000 	C:\Program Files\Java\jre1.8.0_231\bin\jdwp.dll
0x00007ff801bf0000 - 0x00007ff801bf8000 	C:\Program Files\Java\jre1.8.0_231\bin\npt.dll
0x00007ffffb300000 - 0x00007ffffb316000 	C:\Program Files\Java\jre1.8.0_231\bin\zip.dll
0x00007ff80c440000 - 0x00007ff80d963000 	C:\Windows\system32\SHELL32.dll
0x00007ff80ab00000 - 0x00007ff80b129000 	C:\Windows\system32\windows.storage.dll
0x00007ff80bdf0000 - 0x00007ff80c06c000 	C:\Windows\system32\combase.dll
0x00007ff80dd60000 - 0x00007ff80ddb1000 	C:\Windows\system32\shlwapi.dll
0x00007ff80a870000 - 0x00007ff80a87f000 	C:\Windows\system32\kernel.appcore.dll
0x00007ff80b130000 - 0x00007ff80b1e3000 	C:\Windows\system32\shcore.dll
0x00007ff80a7e0000 - 0x00007ff80a82a000 	C:\Windows\system32\powrprof.dll
0x00007ff80a830000 - 0x00007ff80a843000 	C:\Windows\system32\profapi.dll
0x00007ff801bb0000 - 0x00007ff801bb9000 	C:\Program Files\Java\jre1.8.0_231\bin\dt_socket.dll
0x00007ffffcdd0000 - 0x00007ffffcde5000 	C:\Windows\system32\napinsp.dll
0x00007ffffcdb0000 - 0x00007ffffcdca000 	C:\Windows\system32\pnrpnsp.dll
0x00007ff808990000 - 0x00007ff8089a8000 	C:\Windows\system32\NLAapi.dll
0x00007ff809ff0000 - 0x00007ff80a04d000 	C:\Windows\System32\mswsock.dll
0x00007ff809db0000 - 0x00007ff809e58000 	C:\Windows\SYSTEM32\DNSAPI.dll
0x00007ffffd260000 - 0x00007ffffd26d000 	C:\Windows\System32\winrnr.dll
0x00007ffffcd00000 - 0x00007ffffcd15000 	C:\Windows\system32\wshbth.dll
0x00007ff806fc0000 - 0x00007ff807028000 	C:\Windows\System32\fwpuclnt.dll
0x00007ff80a710000 - 0x00007ff80a738000 	C:\Windows\SYSTEM32\bcrypt.dll
0x00007ff802000000 - 0x00007ff80200a000 	C:\Windows\System32\rasadhlp.dll
0x00007ffff9410000 - 0x00007ffff942a000 	C:\Program Files\Java\jre1.8.0_231\bin\net.dll
0x00007ff80a050000 - 0x00007ff80a067000 	C:\Windows\SYSTEM32\CRYPTSP.dll
0x00007ff809ca0000 - 0x00007ff809cd3000 	C:\Windows\system32\rsaenh.dll
0x00007ff809d90000 - 0x00007ff809daf000 	C:\Windows\SYSTEM32\USERENV.dll
0x00007ff80a5a0000 - 0x00007ff80a60b000 	C:\Windows\system32\bcryptprimitives.dll
0x00007ff80a1c0000 - 0x00007ff80a1cb000 	C:\Windows\SYSTEM32\CRYPTBASE.dll
0x00007ff807560000 - 0x00007ff807598000 	C:\Windows\SYSTEM32\IPHLPAPI.DLL
0x00007ff808090000 - 0x00007ff80809b000 	C:\Windows\SYSTEM32\WINNSI.DLL
0x00007ff803930000 - 0x00007ff803946000 	C:\Windows\SYSTEM32\dhcpcsvc6.DLL
0x00007ff806cf0000 - 0x00007ff806d0a000 	C:\Windows\SYSTEM32\dhcpcsvc.DLL
0x00007ffff93f0000 - 0x00007ffff9402000 	C:\Program Files\Java\jre1.8.0_231\bin\nio.dll
0x00007fffe05f0000 - 0x00007fffe0614000 	C:\Program Files\Java\jre1.8.0_231\bin\sunec.dll
0x00007ffffc460000 - 0x00007ffffc5ea000 	C:\Windows\SYSTEM32\dbghelp.dll

VM Arguments:
jvm_args: -agentlib:jdwp=transport=dt_socket,suspend=y,address=localhost:53391 -ea -Dfile.encoding=Cp1252 
java_command: org.testng.remote.RemoteTestNG -serport 53390 -protocol json -d C:\Users\Pal\workspace1\RestAssured\test-output C:\Users\Pal\AppData\Local\Temp\testng-eclipse--1583255616\testng-customsuite.xml
java_class_path (initial): C:\Users\Pal\Desktop\neon\eclipse\plugins\org.testng.eclipse_6.9.13.201609291640\lib\testng-remote.jar;C:\Users\Pal\workspace1\RestAssured\target\test-classes;C:\Users\Pal\workspace1\RestAssured\target\classes;C:\Users\Pal\Desktop\neon\eclipse\plugins\org.testng.eclipse_6.9.13.201609291640\lib\testng.jar;C:\Users\Pal\Desktop\neon\eclipse\plugins\org.testng.eclipse_6.9.13.201609291640\lib\jcommander.jar;C:\Users\Pal\Desktop\neon\eclipse\plugins\org.testng.eclipse_6.9.13.201609291640\lib\bsh-2.0b4.jar;C:\Users\Pal\Desktop\neon\eclipse\plugins\org.testng.eclipse_6.9.13.201609291640\lib\snakeyaml.jar;C:\Users\Pal\.m2\repository\io\rest-assured\rest-assured\4.3.0\rest-assured-4.3.0.jar;C:\Users\Pal\.m2\repository\org\codehaus\groovy\groovy\3.0.2\groovy-3.0.2.jar;C:\Users\Pal\.m2\repository\org\codehaus\groovy\groovy-xml\3.0.2\groovy-xml-3.0.2.jar;C:\Users\Pal\.m2\repository\org\apache\httpcomponents\httpclient\4.5.3\httpclient-4.5.3.jar;C:\Users\Pal\.m2\repository\org\apache\httpcomponents\httpcore\4.4.6\httpcore-4.4.6.jar;C:\Users\Pal\.m2\repository\commons-logging\commons-logging\1.2\commons-logging-1.2.jar;C:\Users\Pal\.m2\repository\org\apache\httpcomponents\httpmime\4.5.3\httpmime-4.5.3.jar;C:\Users\Pal\.m2\repository\org\hamcrest\hamcrest\2.1\hamcrest-2.1.jar;C:\Users\Pal\.m2\repository\org\ccil\cowan\tagsoup\tagsoup\1.2.1\tagsoup-1.2.1.jar;C:\Users\Pal\.m2\repository\io\rest-assured\json-path\4.3.0\json-path-4.3.0.jar;C:\Users\Pal\.m2\repository\org\codehaus\groovy\groovy-json\3.0.2\groovy-json-3.0.2.jar;C:\Users\Pal\.m2\repository\io\rest-assured\rest-assured-common\4.3.0\rest-assured-common-4.3.0.jar;C:\Users\Pal\.m2\repository\io\rest-assured\xml-path\4.3.0\xml-path-4.3.0.jar;C:\Users\Pal\.m2\repository\org\apache\commons\commons-lang3\3.4\commons-lang3-3.4.jar;C:\Users\Pal\.m2\repository\jakarta\xml\bind\jakarta.xml.bind-api\2.3.2\jakarta.xml.bind-api-2.3.2.jar;C:\Users\Pal\.m2\repository\jakarta\activation\jakarta.activation-api\1
Launcher Type: SUN_STANDARD

Environment Variables:
PATH=C:/Program Files/Java/jre1.8.0_231/bin/server;C:/Program Files/Java/jre1.8.0_231/bin;C:/Program Files/Java/jre1.8.0_231/lib/amd64;C:\ProgramData\Oracle\Java\javapath;C:\Program Files (x86)\Common Files\Oracle\Java\javapath;C:\Program Files (x86)\RSA SecurID Token Common;C:\Windows\system32;C:\Windows;C:\Windows\System32\Wbem;C:\Windows\System32\WindowsPowerShell\v1.0\;C:\Program Files (x86)\Common Files\lenovo\easyplussdk\bin;C:\Program Files (x86)\Kaspersky Lab\Kaspersky Endpoint Security 10 for Windows SP2\;C:\Program Files\Git\cmd;C:\Program Files\PuTTY\;C:\Program Files\TortoiseSVN\bin;C:\Users\Pal\Desktop\neon\eclipse;
USERNAME=pal
OS=Windows_NT
PROCESSOR_IDENTIFIER=Intel64 Family 6 Model 78 Stepping 3, GenuineIntel



---------------  S Y S T E M  ---------------

OS: Windows 10.0 , 64 bit Build 10240 (10.0.10240.17113)

CPU:total 4 (initial active 4) (2 cores per cpu, 2 threads per core) family 6 model 78 stepping 3, cmov, cx8, fxsr, mmx, sse, sse2, sse3, ssse3, sse4.1, sse4.2, popcnt, avx, avx2, aes, clmul, erms, rtm, 3dnowpref, lzcnt, ht, tsc, tscinvbit, bmi1, bmi2, adx

Memory: 4k page, physical 16517896k(7903916k free), swap 20712200k(7121112k free)

vm_info: Java HotSpot(TM) 64-Bit Server VM (25.231-b11) for windows-amd64 JRE (1.8.0_231-b11), built on Oct  5 2019 03:11:30 by "java_re" with MS VC++ 10.0 (VS2010)

time: Mon May 25 18:21:57 2020
timezone: India Standard Time
elapsed time: 820 seconds (0d 0h 13m 40s)

